<?xml version="1.0" encoding="UTF-8"?>
<!-- Generated by org.testng.reporters.JUnitReportReporter -->
<testsuite skipped="0" hostname="DESKTOP-A4DDHOU" name="org.task01.Task_01" tests="6" failures="0" timestamp="11 Mar 2024 08:53:17 GMT" time="189.388" errors="0">
  <testcase name="urlLaunch" time="26.458" classname="org.task01.Task_01"/>
  <testcase name="urlLaunch" time="22.696" classname="org.task01.Task_01"/>
  <testcase name="urlLaunch" time="16.904" classname="org.task01.Task_01"/>
  <testcase name="urlLaunch" time="70.490" classname="org.task01.Task_01"/>
  <testcase name="urlLaunch" time="26.184" classname="org.task01.Task_01"/>
  <testcase name="urlLaunch" time="26.656" classname="org.task01.Task_01"/>
</testsuite> <!-- org.task01.Task_01 -->
